Arguments: 
  /Users/vladimir/.nvm/versions/node/v9.3.0/bin/node /Users/vladimir/.yarn/bin/yarn.js start

PATH: 
  /Library/Frameworks/Python.framework/Versions/3.6/bin:/Library/Frameworks/Python.framework/Versions/2.7/bin:/Users/vladimir/Documents/go/bin:/Users/vladimir/.yarn/bin:/Users/vladimir/.config/yarn/global/node_modules/.bin:/Users/vladimir/anaconda3/bin:/Users/vladimir/.nvm/versions/node/v9.3.0/bin:/opt/local/bin:/opt/local/sbin:/Library/Frameworks/Python.framework/Versions/3.4/bin:/usr/local/bin:/usr/bin:/bin:/usr/sbin:/sbin:/usr/local/go/bin:/Library/Frameworks/Mono.framework/Versions/Current/Commands:/Applications/MAMP/Library/bin

Yarn version: 
  1.5.1

Node version: 
  9.3.0

Platform: 
  darwin x64

npm manifest: 
  No manifest

yarn manifest: 
  No manifest

Lockfile: 
  No lockfile

Trace: 
  Error: Couldn't find a package.json file in "/Users/vladimir/Desktop/naperg-master"
      at new MessageError (/Users/vladimir/.yarn/lib/cli.js:186:110)
      at /Users/vladimir/.yarn/lib/cli.js:40048:15
      at Generator.next (<anonymous>)
      at step (/Users/vladimir/.yarn/lib/cli.js:98:30)
      at /Users/vladimir/.yarn/lib/cli.js:109:13
      at <anonymous>
